<?xml version="1.0" encoding="UTF-8"?>
<!-- Generated by org.testng.reporters.JUnitXMLReporter -->
<testsuite ignored="0" hostname="INH-LT71" failures="0" tests="10" name="TestOnDay1" time="0.058" errors="0" timestamp="2022-08-31T13:01:47 IST">
  <testcase classname="test.day1" name="demo" time="0.005"/>
  <testcase classname="test.day1" name="demo1" time="0.0"/>
  <testcase classname="test.day1" name="demo2" time="0.0"/>
  <testcase classname="test.day1" name="home" time="0.001"/>
  <testcase classname="test.Day1A" name="demo" time="0.0"/>
  <testcase classname="test.Day1A" name="demo1" time="0.001"/>
  <testcase classname="test.Day1B" name="demo3" time="0.001"/>
  <testcase classname="test.Day1B" name="loanForCar" time="0.0"/>
  <testcase classname="test.Day1B" name="loanForhome" time="0.0"/>
  <testcase classname="test.Day3" name="demoDay3" time="0.001"/>
</testsuite> <!-- TestOnDay1 -->
