<?xml version="1.0" encoding="UTF-8"?>
<!-- Generated by org.testng.reporters.JUnitXMLReporter -->
<testsuite ignored="0" hostname="INH-LT71" failures="0" tests="5" name="Test" time="0.047" errors="0" timestamp="2022-08-29T17:35:40 IST">
  <testcase classname="test.Day1A" name="demo" time="0.008"/>
  <testcase classname="test.Day1A" name="demo1" time="0.001"/>
  <testcase classname="test.day1" name="demo" time="0.002"/>
  <testcase classname="test.day1" name="demo1" time="0.001"/>
  <testcase classname="test.day1" name="demo2" time="0.0"/>
</testsuite> <!-- Test -->
